build/app/outputs/mapping/release/usage.txt
com.example.world_time.R$attr
com.example.world_time.R$layout
com.example.world_time.BuildConfig
com.example.world_time.R$color
com.example.world_time.R$mipmap
com.example.world_time.R$style
com.example.world_time.R$drawable
com.example.world_time.R$dimen
com.example.world_time.R$integer
com.example.world_time.R
com.example.world_time.R$styleable
com.example.world_time.R$id
com.example.world_time.R$string
...
kotlin.jvm.JvmDefault
androidx.annotation.ColorLong
androidx.core.app.NotificationCompat$StreamType
kotlin.KotlinVersion
kotlin.Result
androidx.core.view.LayoutInflaterCompat
androidx.core.view.MotionEventCompat
androidx.core.app.JobIntentService$CompatJobEngine
androidx.core.view.NestedScrollingChildHelper
io.flutter.view.FlutterNativeView
androidx.core.view.DragAndDropPermissionsCompat
androidx.core.view.AccessibilityDelegateCompat
androidx.core.os.MessageCompat
io.flutter.plugin.common.PluginRegistry
kotlin.text.StringsKt___StringsKt
androidx.customview.R$dimen
androidx.core.provider.FontsContractCompat$4$5
androidx.core.content.ContextCompat$LegacyServiceMapHolder
io.flutter.plugin.editing.ListenableEditingState$1:
    final synthetic io.flutter.plugin.editing.ListenableEditingState this$0
androidx.savedstate.Recreator:
    private void reflectiveNew(java.lang.String)
androidx.lifecycle.Lifecycle:
    java.util.concurrent.atomic.AtomicReference mInternalScopeRef
io.flutter.embedding.android.AndroidKeyProcessor:
    private final io.flutter.plugin.editing.TextInputPlugin textInputPlugin
io.flutter.embedding.engine.plugins.FlutterPlugin$FlutterPluginBinding:
    private final android.content.Context applicationContext
    private final io.flutter.embedding.engine.FlutterEngine flutterEngine
    private final io.flutter.plugin.common.BinaryMessenger binaryMessenger
    private final io.flutter.view.TextureRegistry textureRegistry
    private final io.flutter.plugin.platform.PlatformViewRegistry platformViewRegistry
    private final io.flutter.embedding.engine.plugins.FlutterPlugin$FlutterAssets flutterAssets
androidx.savedstate.SavedStateRegistry$AutoRecreated
io.flutter.embedding.engine.mutatorsstack.FlutterMutatorsStack$FlutterMutator:
    private android.graphics.Rect rect
    private float[] radiis
    private io.flutter.embedding.engine.mutatorsstack.FlutterMutatorsStack$FlutterMutatorType type
    final synthetic io.flutter.embedding.engine.mutatorsstack.FlutterMutatorsStack this$0
androidx.collection.ContainerHelpers:
    static final long[] EMPTY_LONGS
androidx.lifecycle.MethodCallsLogger:
    private java.util.Map mCalledMethods
io.flutter.embedding.android.DrawableSplashScreen$1:
    final synthetic io.flutter.embedding.android.DrawableSplashScreen this$0
io.flutter.embedding.engine.systemchannels.PlatformViewsChannel$1$1:
    final synthetic io.flutter.embedding.engine.systemchannels.PlatformViewsChannel$1 this$1
io.flutter.plugin.mouse.MouseCursorPlugin$2:
    final synthetic io.flutter.plugin.mouse.MouseCursorPlugin this$0
io.flutter.plugin.editing.TextInputPlugin$2:
    final synthetic io.flutter.plugin.editing.TextInputPlugin this$0
io.flutter.embedding.engine.FlutterEngineConnectionRegistry$FlutterEngineActivityPluginBinding:
    private final android.app.Activity activity
    private final io.flutter.embedding.engine.plugins.lifecycle.HiddenLifecycleReference hiddenLifecycleReference
io.flutter.embedding.engine.loader.FlutterApplicationInfo:
    public final java.lang.String vmSnapshotData
    public final java.lang.String isolateSnapshotData
    public final boolean clearTextPermitted
io.flutter.embedding.engine.FlutterEngineConnectionRegistry$DefaultFlutterAssets:
    final io.flutter.embedding.engine.loader.FlutterLoader flutterLoader
io.flutter.embedding.engine.FlutterEngineConnectionRegistry:
    private io.flutter.embedding.engine.FlutterEngineConnectionRegistry$FlutterEngineServicePluginBinding servicePluginBinding
io.flutter.plugin.platform.VirtualDisplayController$1:
    final synthetic io.flutter.plugin.platform.VirtualDisplayController this$0
io.flutter.FlutterInjector:
    private static boolean accessed
io.flutter.view.AccessibilityBridge$SemanticsNode:
    private io.flutter.view.AccessibilityBridge$TextDirection textDirection
    private float previousScrollExtentMax
    private float previousScrollExtentMin